56349266482    The Trustee for The Urban List Trust                                                                                                                                                                    
56349266482    MR Urban                                                                                                                                                                                                
56349266482    Miss Urban                                                                                                                                                                                              
56349266482    THE URBAN CORPORATION PTY. LTD.                                                                                                                                                                         
56349266482    URBAN                                                                                                                                                                                                   
56349266482    URBAN & CO                                                                                                                                                                                              
56349266482    URBAN CO. PTY. LTD.                                                                                                                                                                                     
56349266482    URBAN PTY. LTD.                                                                                                                                                                                         
56349266482    URBANCORP PTY LTD                                                                                                                                                                                       
56349266482    Urban                                                                                                                                                                                                   
56349266482    Urban                                                                                                                                                                                                   
56349266482    Urban                                                                                                                                                                                                   
56349266482    Urban                                                                                                                                                                                                   
56349266482    Urban Pty Ltd                                                                                                                                                                                           
56349266482    Urban&Co                                                                                                                                                                                                
56349266482    Urbancorp Pty Ltd                                                                                                                                                                                       
56349266482    The Trustee for The Urban List NZ Trust                                                                                                                                                                 
56349266482    U-LIST-I-SELL PTY LTD                                                                                                                                                                                   
56349266482    URBAIN                                                                                                                                                                                                  
56349266482    URBAIN PTY. LTD.                                                                                                                                                                                        
56349266482    URBANA PTY LTD                                                                                                                                                                                          
56349266482    URBANA PTY. LIMITED                                                                                                                                                                                     
56349266482    URBANA PTY. LTD.                                                                                                                                                                                        
56349266482    URBANE PTY. LTD.                                                                                                                                                                                        
56349266482    URBANI                                                                                                                                                                                                  
56349266482    URBANO &CO.                                                                                                                                                                                             
56349266482    URBANO PTY LTD                                                                                                                                                                                          
56349266482    URBANO PTY LTD                                                                                                                                                                                          
56349266482    URBANi                                                                                                                                                                                                  
56349266482    Urbane Limited                                                                                                                                                                                          
56349266482    Urbano                                                                                                                                                                                                  
56349266482    Urbian                                                                                                                                                                                                  
56349266482    urbane | co                                                                                                                                                                                             
56349266482    URBEN PTY. LTD.                                                                                                                                                                                         
56349266482    URBIN PTY LIMITED                                                                                                                                                                                       
56349266482    Urbon                                                                                                                                                                                                   
56349266482    U & I LOST FUNDS RECOVERY                                                                                                                                                                               
56349266482    URBANX PTY LTD                                                                                                                                                                                          
56349266482    URBMAN                                                                                                                                                                                                  
56349266482    URBAN LISTINGS                                                                                                                                                                                          
56349266482    URBAN LISTINGS                                                                                                                                                                                          
56349266482    Urban Lustre                                                                                                                                                                                            
56349266482    URBN                                                                                                                                                                                                    
56349266482    URBN                                                                                                                                                                                                    
56349266482    URBANOS PTY. LTD.                                                                                                                                                                                       
56349266482    URBANUS                                                                                                                                                                                                 
56349266482    URBANUS                                                                                                                                                                                                 
56349266482    URBANUS PTY LIMITED                                                                                                                                                                                     
56349266482    URBBANA PTY LTD                                                                                                                                                                                         